4/29/2008 10:16:22 AM

...Checking partitions and writing volumes.tmp...
...Starting diskpart...
_ 
_ 
...displaying volumes from diskpart... 
_ 
...Writing volumes.txt diskpart script ...
...Assinging drive letters with diskpart...
...Checking to see if drive f: or g: is in use... If yes volumes being assigned null...
...Assign EMCData drive F: and EMCLogs drive G:...
...Starting MS SQL Server Service...
...Cleaning up volumes.tmp and volumes.txt files...
_ 
_ 
...displaying volumes from diskpart... 
_ 
Volume 0 C NTFS 
Volume 1 D NTFS 
Volume 2 G EMCData 
_ 
_ 
